----------------------------------------------------------------
2014-03-06 13:25:45.510 GMT:
 Booting Derby version The Apache Software Foundation - Apache Derby - 10.5.3.0 - (802917): instance a816c00e-0144-9792-3487-000005cfdab8
on database directory /home/xumakgt1/mavenproject1/repository/version/db  

Database Class Loader started - derby.database.classpath=''
----------------------------------------------------------------
2014-03-06 13:25:46.503 GMT:
 Booting Derby version The Apache Software Foundation - Apache Derby - 10.5.3.0 - (802917): instance a094c023-0144-9792-3487-000005cfdab8
on database directory /home/xumakgt1/mavenproject1/repository/workspaces/default/db  

Database Class Loader started - derby.database.classpath=''
----------------------------------------------------------------
2014-03-06 13:25:47.865 GMT:
 Booting Derby version The Apache Software Foundation - Apache Derby - 10.5.3.0 - (802917): instance 018f0039-0144-9792-3487-000005cfdab8
on database directory /home/xumakgt1/mavenproject1/repository/workspaces/security/db  

Database Class Loader started - derby.database.classpath=''

2014-03-06 13:26:08.988 GMT:
Shutting down instance a094c023-0144-9792-3487-000005cfdab8
----------------------------------------------------------------

2014-03-06 13:26:09.081 GMT:
Shutting down instance 018f0039-0144-9792-3487-000005cfdab8
----------------------------------------------------------------

2014-03-06 13:26:09.176 GMT:
Shutting down instance a816c00e-0144-9792-3487-000005cfdab8
----------------------------------------------------------------
